0 info it worked if it ends with ok
1 verbose cli [ 'C:\\Users\\ColeChamberlain\\local\\npm\\node.exe',
1 verbose cli   'C:\\Users\\ColeChamberlain\\local\\npm\\node_modules\\npm\\bin\\npm-cli.js',
1 verbose cli   'version',
1 verbose cli   'patch' ]
2 info using npm@3.2.0
3 info using node@v0.12.6
4 error version No valid package.json found
5 verbose stack TypeError: Cannot read property 'toString' of undefined
5 verbose stack     at stripBOM (C:\Users\ColeChamberlain\cchamberlain\npm\lib\utils\parse-json.js:16:20)
5 verbose stack     at module.exports (C:\Users\ColeChamberlain\cchamberlain\npm\lib\utils\parse-json.js:3:21)
5 verbose stack     at C:\Users\ColeChamberlain\cchamberlain\npm\lib\version.js:36:14
5 verbose stack     at C:\Users\ColeChamberlain\cchamberlain\npm\node_modules\graceful-fs\graceful-fs.js:76:16
5 verbose stack     at fs.js:263:20
5 verbose stack     at C:\Users\ColeChamberlain\cchamberlain\npm\node_modules\graceful-fs\graceful-fs.js:230:16
5 verbose stack     at FSReqWrap.oncomplete (fs.js:95:15)
6 verbose cwd C:\Users\ColeChamberlain\.zsh\.zprezto
7 error Windows_NT 6.3.9600
8 error argv "C:\\Users\\ColeChamberlain\\local\\npm\\node.exe" "C:\\Users\\ColeChamberlain\\local\\npm\\node_modules\\npm\\bin\\npm-cli.js" "version" "patch"
9 error node v0.12.6
10 error npm  v3.2.0
11 error Cannot read property 'toString' of undefined
12 error If you need help, you may report this error at:
12 error     <https://github.com/npm/npm/issues>
13 verbose exit [ 1, true ]
